[    25.360] (--) Log file renamed from "/home/dx/.local/share/xorg/Xorg.pid-1670.log" to "/home/dx/.local/share/xorg/Xorg.0.log"
[    25.363] 
X.Org X Server 1.20.9
X Protocol Version 11, Revision 0
[    25.377] Build Operating System: Linux 4.15.0-130-generic x86_64 Ubuntu
[    25.377] Current Operating System: Linux dx-PC 5.8.0-41-generic #46~20.04.1-Ubuntu SMP Mon Jan 18 17:52:23 UTC 2021 x86_64
[    25.377] Kernel command line: BOOT_IMAGE=/vmlinuz-5.8.0-41-generic root=UUID=d459e7a3-f96a-4334-8b29-afa3cfd7b4b5 ro quiet splash
[    25.377] Build Date: 17 January 2021  09:13:31AM
[    25.377] xorg-server 2:1.20.9-2ubuntu1.2~20.04.1 (For technical support please see http://www.ubuntu.com/support) 
[    25.377] Current version of pixman: 0.38.4
[    25.377] 	Before reporting problems, check http://wiki.x.org
	to make sure that you have the latest version.
[    25.377] Markers: (--) probed, (**) from config file, (==) default setting,
	(++) from command line, (!!) notice, (II) informational,
	(WW) warning, (EE) error, (NI) not implemented, (??) unknown.
[    25.377] (==) Log file: "/home/dx/.local/share/xorg/Xorg.0.log", Time: Mon Feb  1 10:05:10 2021
[    25.380] (==) Using system config directory "/usr/share/X11/xorg.conf.d"
[    25.384] (==) No Layout section.  Using the first Screen section.
[    25.384] (==) No screen section available. Using defaults.
[    25.384] (**) |-->Screen "Default Screen Section" (0)
[    25.384] (**) |   |-->Monitor "<default monitor>"
[    25.387] (==) No monitor specified for screen "Default Screen Section".
	Using a default monitor configuration.
[    25.387] (==) Automatically adding devices
[    25.387] (==) Automatically enabling devices
[    25.387] (==) Automatically adding GPU devices
[    25.387] (==) Automatically binding GPU devices
[    25.387] (==) Max clients allowed: 256, resource mask: 0x1fffff
[    25.387] (WW) The directory "/usr/share/fonts/X11/cyrillic" does not exist.
[    25.387] 	Entry deleted from font path.
[    25.387] (WW) The directory "/usr/share/fonts/X11/100dpi/" does not exist.
[    25.387] 	Entry deleted from font path.
[    25.387] (WW) The directory "/usr/share/fonts/X11/75dpi/" does not exist.
[    25.387] 	Entry deleted from font path.
[    25.387] (WW) The directory "/usr/share/fonts/X11/100dpi" does not exist.
[    25.387] 	Entry deleted from font path.
[    25.387] (WW) The directory "/usr/share/fonts/X11/75dpi" does not exist.
[    25.387] 	Entry deleted from font path.
[    25.387] (==) FontPath set to:
	/usr/share/fonts/X11/misc,
	/usr/share/fonts/X11/Type1,
	built-ins
[    25.387] (==) ModulePath set to "/usr/lib/xorg/modules"
[    25.387] (II) The server relies on udev to provide the list of input devices.
	If no devices become available, reconfigure udev or disable AutoAddDevices.
[    25.387] (II) Loader magic: 0x55db59fdd020
[    25.387] (II) Module ABI versions:
[    25.387] 	X.Org ANSI C Emulation: 0.4
[    25.387] 	X.Org Video Driver: 24.1
[    25.387] 	X.Org XInput driver : 24.1
[    25.387] 	X.Org Server Extension : 10.0
[    25.390] (++) using VT number 2

[    25.394] (II) systemd-logind: took control of session /org/freedesktop/login1/session/_32
[    25.398] (II) xfree86: Adding drm device (/dev/dri/card0)
[    25.404] (II) systemd-logind: got fd for /dev/dri/card0 226:0 fd 12 paused 0
[    25.417] (--) PCI:*(0@0:15:0) 15ad:0405:15ad:0405 rev 0, Mem @ 0xe8000000/134217728, 0xfe000000/8388608, I/O @ 0x00001070/16, BIOS @ 0x????????/131072
[    25.418] (II) LoadModule: "glx"
[    25.420] (II) Loading /usr/lib/xorg/modules/extensions/libglx.so
[    25.431] (II) Module glx: vendor="X.Org Foundation"
[    25.431] 	compiled for 1.20.9, module version = 1.0.0
[    25.431] 	ABI class: X.Org Server Extension, version 10.0
[    25.431] (==) Matched vmware as autoconfigured driver 0
[    25.431] (==) Matched modesetting as autoconfigured driver 1
[    25.431] (==) Matched fbdev as autoconfigured driver 2
[    25.431] (==) Matched vesa as autoconfigured driver 3
[    25.431] (==) Assigned the driver to the xf86ConfigLayout
[    25.432] (II) LoadModule: "vmware"
[    25.432] (II) Loading /usr/lib/xorg/modules/drivers/vmware_drv.so
[    25.563] (II) Module vmware: vendor="X.Org Foundation"
[    25.563] 	compiled for 1.20.8, module version = 13.3.0
[    25.563] 	Module class: X.Org Video Driver
[    25.563] 	ABI class: X.Org Video Driver, version 24.1
[    25.563] (II) LoadModule: "modesetting"
[    25.564] (II) Loading /usr/lib/xorg/modules/drivers/modesetting_drv.so
[    25.567] (II) Module modesetting: vendor="X.Org Foundation"
[    25.568] 	compiled for 1.20.9, module version = 1.20.9
[    25.568] 	Module class: X.Org Video Driver
[    25.568] 	ABI class: X.Org Video Driver, version 24.1
[    25.568] (II) LoadModule: "fbdev"
[    25.568] (II) Loading /usr/lib/xorg/modules/drivers/fbdev_drv.so
[    25.573] (II) Module fbdev: vendor="X.Org Foundation"
[    25.573] 	compiled for 1.20.1, module version = 0.5.0
[    25.573] 	Module class: X.Org Video Driver
[    25.573] 	ABI class: X.Org Video Driver, version 24.0
[    25.573] (II) LoadModule: "vesa"
[    25.573] (II) Loading /usr/lib/xorg/modules/drivers/vesa_drv.so
[    25.575] (II) Module vesa: vendor="X.Org Foundation"
[    25.575] 	compiled for 1.20.4, module version = 2.4.0
[    25.575] 	Module class: X.Org Video Driver
[    25.575] 	ABI class: X.Org Video Driver, version 24.0
[    25.575] (II) vmware: driver for VMware SVGA: vmware0405, vmware0710
[    25.575] (II) modesetting: Driver for Modesetting Kernel Drivers: kms
[    25.575] (II) FBDEV: driver for framebuffer: fbdev
[    25.575] (II) VESA: driver for VESA chipsets: vesa
[    25.575] xf86EnableIOPorts: failed to set IOPL for I/O (Operation not permitted)
[    25.575] (WW) Falling back to old probe method for modesetting
[    25.575] (WW) Falling back to old probe method for fbdev
[    25.575] (II) Loading sub module "fbdevhw"
[    25.575] (II) LoadModule: "fbdevhw"
[    25.575] (II) Loading /usr/lib/xorg/modules/libfbdevhw.so
[    25.576] (II) Module fbdevhw: vendor="X.Org Foundation"
[    25.576] 	compiled for 1.20.9, module version = 0.0.2
[    25.576] 	ABI class: X.Org Video Driver, version 24.1
[    25.576] (EE) open /dev/fb0: Permission denied
[    25.576] (WW) VGA arbiter: cannot open kernel arbiter, no multi-card support
[    25.576] (II) vmware(0): Creating default Display subsection in Screen section
	"Default Screen Section" for depth/fbbpp 24/32
[    25.576] (--) vmware(0): DRM driver version is 2.18.0
[    25.576] (==) vmware(0): Depth 24, (--) framebuffer bpp 32
[    25.576] (==) vmware(0): RGB weight 888
[    25.576] (==) vmware(0): Default visual is TrueColor
[    25.576] (--) vmware(0): Min width 1, Max Width 16384.
[    25.576] (--) vmware(0): Min height 1, Max Height 16384.
[    25.578] (II) vmware(0): Output Virtual1 has no monitor section
[    25.578] (II) vmware(0): Output Virtual2 has no monitor section
[    25.578] (II) vmware(0): Output Virtual3 has no monitor section
[    25.578] (II) vmware(0): Output Virtual4 has no monitor section
[    25.578] (II) vmware(0): Output Virtual5 has no monitor section
[    25.578] (II) vmware(0): Output Virtual6 has no monitor section
[    25.578] (II) vmware(0): Output Virtual7 has no monitor section
[    25.578] (II) vmware(0): Output Virtual8 has no monitor section
[    25.578] (II) vmware(0): Printing probed modes for output Virtual1
[    25.578] (II) vmware(0): Modeline "800x600"x60.0   42.75  800 850 900 950  600 650 700 750 -hsync +vsync (45.0 kHz eP)
[    25.578] (II) vmware(0): Modeline "2560x1600"x60.0  348.50  2560 2752 3032 3504  1600 1603 1609 1658 -hsync +vsync (99.5 kHz e)
[    25.578] (II) vmware(0): Modeline "1920x1440"x60.0  234.00  1920 2048 2256 2600  1440 1441 1444 1500 -hsync +vsync (90.0 kHz e)
[    25.578] (II) vmware(0): Modeline "1856x1392"x60.0  218.25  1856 1952 2176 2528  1392 1393 1396 1439 -hsync +vsync (86.3 kHz e)
[    25.578] (II) vmware(0): Modeline "1792x1344"x60.0  204.75  1792 1920 2120 2448  1344 1345 1348 1394 -hsync +vsync (83.6 kHz e)
[    25.578] (II) vmware(0): Modeline "1920x1200"x59.9  193.25  1920 2056 2256 2592  1200 1203 1209 1245 -hsync +vsync (74.6 kHz e)
[    25.578] (II) vmware(0): Modeline "1600x1200"x60.0  162.00  1600 1664 1856 2160  1200 1201 1204 1250 +hsync +vsync (75.0 kHz e)
[    25.578] (II) vmware(0): Modeline "1680x1050"x60.0  146.25  1680 1784 1960 2240  1050 1053 1059 1089 -hsync +vsync (65.3 kHz e)
[    25.578] (II) vmware(0): Modeline "1400x1050"x60.0  121.75  1400 1488 1632 1864  1050 1053 1057 1089 -hsync +vsync (65.3 kHz e)
[    25.578] (II) vmware(0): Modeline "1280x1024"x60.0  108.00  1280 1328 1440 1688  1024 1025 1028 1066 +hsync +vsync (64.0 kHz e)
[    25.578] (II) vmware(0): Modeline "1440x900"x59.9  106.50  1440 1520 1672 1904  900 903 909 934 -hsync +vsync (55.9 kHz e)
[    25.578] (II) vmware(0): Modeline "1280x960"x60.0  108.00  1280 1376 1488 1800  960 961 964 1000 +hsync +vsync (60.0 kHz e)
[    25.578] (II) vmware(0): Modeline "1360x768"x60.0   85.50  1360 1424 1536 1792  768 771 777 795 +hsync +vsync (47.7 kHz e)
[    25.578] (II) vmware(0): Modeline "1280x800"x59.8   83.50  1280 1352 1480 1680  800 803 809 831 +hsync -vsync (49.7 kHz e)
[    25.578] (II) vmware(0): Modeline "1152x864"x75.0  108.00  1152 1216 1344 1600  864 865 868 900 +hsync +vsync (67.5 kHz e)
[    25.578] (II) vmware(0): Modeline "1280x768"x59.9   79.50  1280 1344 1472 1664  768 771 778 798 -hsync +vsync (47.8 kHz e)
[    25.578] (II) vmware(0): Modeline "1024x768"x60.0   65.00  1024 1048 1184 1344  768 771 777 806 -hsync -vsync (48.4 kHz e)
[    25.578] (II) vmware(0): Modeline "800x600"x60.3   40.00  800 840 968 1056  600 601 605 628 +hsync +vsync (37.9 kHz e)
[    25.578] (II) vmware(0): Modeline "640x480"x59.9   25.18  640 656 752 800  480 489 492 525 -hsync -vsync (31.5 kHz e)
[    25.578] (II) vmware(0): EDID for output Virtual2
[    25.578] (II) vmware(0): EDID for output Virtual3
[    25.578] (II) vmware(0): EDID for output Virtual4
[    25.578] (II) vmware(0): EDID for output Virtual5
[    25.578] (II) vmware(0): EDID for output Virtual6
[    25.579] (II) vmware(0): EDID for output Virtual7
[    25.579] (II) vmware(0): EDID for output Virtual8
[    25.579] (II) vmware(0): Output Virtual1 connected
[    25.579] (II) vmware(0): Output Virtual2 disconnected
[    25.579] (II) vmware(0): Output Virtual3 disconnected
[    25.579] (II) vmware(0): Output Virtual4 disconnected
[    25.579] (II) vmware(0): Output Virtual5 disconnected
[    25.579] (II) vmware(0): Output Virtual6 disconnected
[    25.579] (II) vmware(0): Output Virtual7 disconnected
[    25.579] (II) vmware(0): Output Virtual8 disconnected
[    25.579] (II) vmware(0): Using exact sizes for initial modes
[    25.579] (II) vmware(0): Output Virtual1 using initial mode 800x600 +0+0
[    25.579] (==) vmware(0): DPI set to (96, 96)
[    25.579] (==) vmware(0): Using gamma correction (1.0, 1.0, 1.0)
[    25.579] (II) Loading sub module "fb"
[    25.579] (II) LoadModule: "fb"
[    25.579] (II) Loading /usr/lib/xorg/modules/libfb.so
[    25.592] (II) Module fb: vendor="X.Org Foundation"
[    25.592] 	compiled for 1.20.9, module version = 1.0.0
[    25.592] 	ABI class: X.Org ANSI C Emulation, version 0.4
[    25.592] (II) Loading sub module "dri2"
[    25.592] (II) LoadModule: "dri2"
[    25.592] (II) Module "dri2" already built-in
[    25.592] (II) Loading sub module "dri3"
[    25.592] (II) LoadModule: "dri3"
[    25.592] (II) Module "dri3" already built-in
[    25.592] (II) UnloadModule: "modesetting"
[    25.592] (II) Unloading modesetting
[    25.592] (II) UnloadModule: "fbdev"
[    25.592] (II) Unloading fbdev
[    25.592] (II) UnloadSubModule: "fbdevhw"
[    25.592] (II) Unloading fbdevhw
[    25.593] (II) UnloadModule: "vesa"
[    25.593] (II) Unloading vesa
[    25.598] (II) vmware(0): Initialized VMWARE_CTRL extension version 0.2
[    25.674] (II) vmware(0): Gallium3D XA version: 2.5.0.
[    25.674] (II) vmware(0): Path of drm device is "/dev/dri/card0".
[    25.675] (II) vmware(0): [DRI2] Setup complete
[    25.675] (II) vmware(0): [DRI2]   DRI driver: vmwgfx
[    26.057] (--) vmware(0): Render acceleration is enabled.
[    26.057] (==) vmware(0): Rendercheck mode is disabled.
[    26.057] (--) vmware(0): Direct rendering (DRI2 3D) is enabled.
[    26.057] (--) vmware(0): Direct rendering (DRI3 3D) is enabled.
[    26.057] (==) vmware(0): Direct presents are disabled.
[    26.057] (==) vmware(0): Hardware only presents are automatic per scanout.
[    26.057] (==) vmware(0): Backing store enabled
[    26.057] (==) vmware(0): Silken mouse enabled
[    26.066] (==) vmware(0): DPMS enabled
[    26.067] (II) Initializing extension Generic Event Extension
[    26.067] (II) Initializing extension SHAPE
[    26.067] (II) Initializing extension MIT-SHM
[    26.067] (II) Initializing extension XInputExtension
[    26.068] (II) Initializing extension XTEST
[    26.069] (II) Initializing extension BIG-REQUESTS
[    26.069] (II) Initializing extension SYNC
[    26.069] (II) Initializing extension XKEYBOARD
[    26.070] (II) Initializing extension XC-MISC
[    26.070] (II) Initializing extension SECURITY
[    26.070] (II) Initializing extension XFIXES
[    26.070] (II) Initializing extension RENDER
[    26.070] (II) Initializing extension RANDR
[    26.070] (II) Initializing extension COMPOSITE
[    26.070] (II) Initializing extension DAMAGE
[    26.071] (II) Initializing extension MIT-SCREEN-SAVER
[    26.071] (II) Initializing extension DOUBLE-BUFFER
[    26.071] (II) Initializing extension RECORD
[    26.071] (II) Initializing extension DPMS
[    26.071] (II) Initializing extension Present
[    26.071] (II) Initializing extension DRI3
[    26.071] (II) Initializing extension X-Resource
[    26.071] (II) Initializing extension XVideo
[    26.071] (II) Initializing extension XVideo-MotionCompensation
[    26.071] (II) Initializing extension SELinux
[    26.071] (II) SELinux: Disabled on system
[    26.071] (II) Initializing extension GLX
[    26.088] (II) AIGLX: Loaded and initialized vmwgfx
[    26.088] (II) GLX: Initialized DRI2 GL provider for screen 0
[    26.088] (II) Initializing extension XFree86-VidModeExtension
[    26.088] (II) Initializing extension XFree86-DGA
[    26.089] (II) Initializing extension XFree86-DRI
[    26.089] (II) Initializing extension DRI2
[    26.099] (II) vmware(0): Setting screen physical size to 211 x 158
[    26.181] (II) config/udev: Adding input device Power Button (/dev/input/event0)
[    26.181] (**) Power Button: Applying InputClass "libinput keyboard catchall"
[    26.181] (II) LoadModule: "libinput"
[    26.181] (II) Loading /usr/lib/xorg/modules/input/libinput_drv.so
[    26.186] (II) Module libinput: vendor="X.Org Foundation"
[    26.186] 	compiled for 1.20.4, module version = 0.29.0
[    26.186] 	Module class: X.Org XInput Driver
[    26.186] 	ABI class: X.Org XInput driver, version 24.1
[    26.186] (II) Using input driver 'libinput' for 'Power Button'
[    26.187] (II) systemd-logind: got fd for /dev/input/event0 13:64 fd 24 paused 0
[    26.188] (**) Power Button: always reports core events
[    26.188] (**) Option "Device" "/dev/input/event0"
[    26.188] (**) Option "_source" "server/udev"
[    26.193] (II) event0  - Power Button: is tagged by udev as: Keyboard
[    26.193] (II) event0  - Power Button: device is a keyboard
[    26.193] (II) event0  - Power Button: device removed
[    26.193] (**) Option "config_info" "udev:/sys/devices/LNXSYSTM:00/LNXPWRBN:00/input/input0/event0"
[    26.194] (II) XINPUT: Adding extended input device "Power Button" (type: KEYBOARD, id 6)
[    26.194] (**) Option "xkb_model" "pc105"
[    26.194] (**) Option "xkb_layout" "us"
[    26.195] (II) event0  - Power Button: is tagged by udev as: Keyboard
[    26.195] (II) event0  - Power Button: device is a keyboard
[    26.196] (II) config/udev: Adding input device VMware VMware Virtual USB Mouse (/dev/input/event4)
[    26.196] (**) VMware VMware Virtual USB Mouse: Applying InputClass "libinput pointer catchall"
[    26.196] (II) Using input driver 'libinput' for 'VMware VMware Virtual USB Mouse'
[    26.253] (II) systemd-logind: got fd for /dev/input/event4 13:68 fd 27 paused 0
[    26.253] (**) VMware VMware Virtual USB Mouse: always reports core events
[    26.253] (**) Option "Device" "/dev/input/event4"
[    26.254] (**) Option "_source" "server/udev"
[    26.256] (II) event4  - VMware VMware Virtual USB Mouse: is tagged by udev as: Mouse
[    26.256] (II) event4  - VMware VMware Virtual USB Mouse: device is a pointer
[    26.256] (II) event4  - VMware VMware Virtual USB Mouse: device removed
[    26.256] (**) Option "config_info" "udev:/sys/devices/pci0000:00/0000:00:11.0/0000:02:00.0/usb2/2-1/2-1:1.0/0003:0E0F:0003.0001/input/input5/event4"
[    26.256] (II) XINPUT: Adding extended input device "VMware VMware Virtual USB Mouse" (type: MOUSE, id 7)
[    26.257] (**) Option "AccelerationScheme" "none"
[    26.257] (**) VMware VMware Virtual USB Mouse: (accel) selected scheme none/0
[    26.257] (**) VMware VMware Virtual USB Mouse: (accel) acceleration factor: 2.000
[    26.257] (**) VMware VMware Virtual USB Mouse: (accel) acceleration threshold: 4
[    26.259] (II) event4  - VMware VMware Virtual USB Mouse: is tagged by udev as: Mouse
[    26.259] (II) event4  - VMware VMware Virtual USB Mouse: device is a pointer
[    26.260] (II) config/udev: Adding input device VMware VMware Virtual USB Mouse (/dev/input/mouse2)
[    26.260] (II) No input driver specified, ignoring this device.
[    26.260] (II) This device may have been added with another device file.
[    26.261] (II) config/udev: Adding input device AT Translated Set 2 keyboard (/dev/input/event1)
[    26.261] (**) AT Translated Set 2 keyboard: Applying InputClass "libinput keyboard catchall"
[    26.261] (II) Using input driver 'libinput' for 'AT Translated Set 2 keyboard'
[    26.262] (II) systemd-logind: got fd for /dev/input/event1 13:65 fd 28 paused 0
[    26.262] (**) AT Translated Set 2 keyboard: always reports core events
[    26.262] (**) Option "Device" "/dev/input/event1"
[    26.262] (**) Option "_source" "server/udev"
[    26.263] (II) event1  - AT Translated Set 2 keyboard: is tagged by udev as: Keyboard
[    26.263] (II) event1  - AT Translated Set 2 keyboard: device is a keyboard
[    26.264] (II) event1  - AT Translated Set 2 keyboard: device removed
[    26.264] (**) Option "config_info" "udev:/sys/devices/platform/i8042/serio0/input/input1/event1"
[    26.264] (II) XINPUT: Adding extended input device "AT Translated Set 2 keyboard" (type: KEYBOARD, id 8)
[    26.264] (**) Option "xkb_model" "pc105"
[    26.264] (**) Option "xkb_layout" "us"
[    26.265] (II) event1  - AT Translated Set 2 keyboard: is tagged by udev as: Keyboard
[    26.265] (II) event1  - AT Translated Set 2 keyboard: device is a keyboard
[    26.267] (II) config/udev: Adding input device VirtualPS/2 VMware VMMouse (/dev/input/event3)
[    26.267] (**) VirtualPS/2 VMware VMMouse: Applying InputClass "libinput pointer catchall"
[    26.267] (II) Using input driver 'libinput' for 'VirtualPS/2 VMware VMMouse'
[    26.271] (II) systemd-logind: got fd for /dev/input/event3 13:67 fd 29 paused 0
[    26.271] (**) VirtualPS/2 VMware VMMouse: always reports core events
[    26.271] (**) Option "Device" "/dev/input/event3"
[    26.271] (**) Option "_source" "server/udev"
[    26.275] (II) event3  - VirtualPS/2 VMware VMMouse: is tagged by udev as: Mouse
[    26.276] (II) event3  - VirtualPS/2 VMware VMMouse: device is a pointer
[    26.276] (II) event3  - VirtualPS/2 VMware VMMouse: device removed
[    26.276] (**) Option "config_info" "udev:/sys/devices/platform/i8042/serio1/input/input3/event3"
[    26.276] (II) XINPUT: Adding extended input device "VirtualPS/2 VMware VMMouse" (type: MOUSE, id 9)
[    26.276] (**) Option "AccelerationScheme" "none"
[    26.276] (**) VirtualPS/2 VMware VMMouse: (accel) selected scheme none/0
[    26.276] (**) VirtualPS/2 VMware VMMouse: (accel) acceleration factor: 2.000
[    26.276] (**) VirtualPS/2 VMware VMMouse: (accel) acceleration threshold: 4
[    26.278] (II) event3  - VirtualPS/2 VMware VMMouse: is tagged by udev as: Mouse
[    26.278] (II) event3  - VirtualPS/2 VMware VMMouse: device is a pointer
[    26.279] (II) config/udev: Adding input device VirtualPS/2 VMware VMMouse (/dev/input/mouse1)
[    26.279] (II) No input driver specified, ignoring this device.
[    26.279] (II) This device may have been added with another device file.
[    26.279] (II) config/udev: Adding input device VirtualPS/2 VMware VMMouse (/dev/input/event2)
[    26.279] (**) VirtualPS/2 VMware VMMouse: Applying InputClass "libinput pointer catchall"
[    26.279] (II) Using input driver 'libinput' for 'VirtualPS/2 VMware VMMouse'
[    26.280] (II) systemd-logind: got fd for /dev/input/event2 13:66 fd 30 paused 0
[    26.280] (**) VirtualPS/2 VMware VMMouse: always reports core events
[    26.280] (**) Option "Device" "/dev/input/event2"
[    26.280] (**) Option "_source" "server/udev"
[    26.281] (II) event2  - VirtualPS/2 VMware VMMouse: is tagged by udev as: Mouse
[    26.282] (II) event2  - VirtualPS/2 VMware VMMouse: device is a pointer
[    26.282] (II) event2  - VirtualPS/2 VMware VMMouse: device removed
[    26.282] (**) Option "config_info" "udev:/sys/devices/platform/i8042/serio1/input/input4/event2"
[    26.282] (II) XINPUT: Adding extended input device "VirtualPS/2 VMware VMMouse" (type: MOUSE, id 10)
[    26.282] (**) Option "AccelerationScheme" "none"
[    26.282] (**) VirtualPS/2 VMware VMMouse: (accel) selected scheme none/0
[    26.282] (**) VirtualPS/2 VMware VMMouse: (accel) acceleration factor: 2.000
[    26.282] (**) VirtualPS/2 VMware VMMouse: (accel) acceleration threshold: 4
[    26.283] (II) event2  - VirtualPS/2 VMware VMMouse: is tagged by udev as: Mouse
[    26.283] (II) event2  - VirtualPS/2 VMware VMMouse: device is a pointer
[    26.284] (II) config/udev: Adding input device VirtualPS/2 VMware VMMouse (/dev/input/mouse0)
[    26.284] (II) No input driver specified, ignoring this device.
[    26.284] (II) This device may have been added with another device file.
[    31.268] (!!) vmware(0): New layout.
[    31.268] (!!) vmware(0): 0: 0 0 612 561
[    31.268] (!!) vmware(0): 
[    31.997] (!!) vmware(0): New layout.
[    31.997] (!!) vmware(0): 0: 0 0 1714 1931
[    31.997] (!!) vmware(0): 
[    32.408] (!!) vmware(0): New layout.
[    32.408] (!!) vmware(0): 0: 0 0 1714 881
[    32.408] (!!) vmware(0): 
[   199.976] (**) Option "fd" "24"
[   199.977] (II) event0  - Power Button: device removed
[   199.978] (**) Option "fd" "27"
[   199.978] (II) event4  - VMware VMware Virtual USB Mouse: device removed
[   199.978] (**) Option "fd" "28"
[   199.978] (II) event1  - AT Translated Set 2 keyboard: device removed
[   199.978] (**) Option "fd" "29"
[   199.978] (II) event3  - VirtualPS/2 VMware VMMouse: device removed
[   199.978] (**) Option "fd" "30"
[   199.978] (II) event2  - VirtualPS/2 VMware VMMouse: device removed
[   199.980] (II) UnloadModule: "libinput"
[   199.980] (II) systemd-logind: releasing fd for 13:66
[   200.436] (II) UnloadModule: "libinput"
[   200.436] (II) systemd-logind: releasing fd for 13:67
[   200.609] (II) UnloadModule: "libinput"
[   200.609] (II) systemd-logind: releasing fd for 13:65
[   200.645] (II) UnloadModule: "libinput"
[   200.645] (II) systemd-logind: releasing fd for 13:68
[   200.698] (II) UnloadModule: "libinput"
[   200.698] (II) systemd-logind: releasing fd for 13:64
[   200.741] (WW) xf86CloseConsole: KDSETMODE failed: Input/output error
[   200.741] (WW) xf86CloseConsole: VT_GETMODE failed: Input/output error
[   200.741] (WW) xf86CloseConsole: VT_ACTIVATE failed: Input/output error
[   200.755] (II) Server terminated successfully (0). Closing log file.
