This file contains any messages produced by compilers while
running configure, to aid debugging if configure makes a mistake.

It was created by log4cpp configure 1.1, which was
generated by GNU Autoconf 2.67.  Invocation command line was

  $ ./configure 

## --------- ##
## Platform. ##
## --------- ##

hostname = dx-PC
uname -m = x86_64
uname -r = 5.8.0-34-generic
uname -s = Linux
uname -v = #37~20.04.2-Ubuntu SMP Thu Dec 17 14:53:00 UTC 2020

/usr/bin/uname -p = x86_64
/bin/uname -X     = unknown

/bin/arch              = x86_64
/usr/bin/arch -k       = unknown
/usr/convex/getsysinfo = unknown
/usr/bin/hostinfo      = unknown
/bin/machine           = unknown
/usr/bin/oslevel       = unknown
/bin/universe          = unknown

PATH: /usr/local/sbin
PATH: /usr/local/bin
PATH: /usr/sbin
PATH: /usr/bin
PATH: /sbin
PATH: /bin
PATH: /usr/games
PATH: /usr/local/games
PATH: /snap/bin


## ----------- ##
## Core tests. ##
## ----------- ##

configure:2523: checking for a BSD-compatible install
configure:2591: result: /usr/bin/install -c
configure:2602: checking whether build environment is sane
configure:2652: result: yes
configure:2680: WARNING: `missing' script is too old or missing
configure:2793: checking for a thread-safe mkdir -p
configure:2832: result: /usr/bin/mkdir -p
configure:2845: checking for gawk
configure:2875: result: no
configure:2845: checking for mawk
configure:2861: found /usr/bin/mawk
configure:2872: result: mawk
configure:2883: checking whether make sets $(MAKE)
configure:2905: result: yes
configure:3001: checking build system type
configure:3015: result: x86_64-unknown-linux-gnu
configure:3035: checking host system type
configure:3048: result: x86_64-unknown-linux-gnu
configure:3122: checking for style of include used by make
configure:3150: result: GNU
configure:3220: checking for gcc
configure:3236: found /usr/bin/gcc
configure:3247: result: gcc
configure:3476: checking for C compiler version
configure:3485: gcc --version >&5
gcc (Ubuntu 9.3.0-17ubuntu1~20.04) 9.3.0
Copyright (C) 2019 Free Software Foundation, Inc.
This is free software; see the source for copying conditions.  There is NO
warranty; not even for MERCHANTABILITY or FITNESS FOR A PARTICULAR PURPOSE.

configure:3496: $? = 0
configure:3485: gcc -v >&5
Using built-in specs.
COLLECT_GCC=gcc
COLLECT_LTO_WRAPPER=/usr/lib/gcc/x86_64-linux-gnu/9/lto-wrapper
OFFLOAD_TARGET_NAMES=nvptx-none:hsa
OFFLOAD_TARGET_DEFAULT=1
Target: x86_64-linux-gnu
Configured with: ../src/configure -v --with-pkgversion='Ubuntu 9.3.0-17ubuntu1~20.04' --with-bugurl=file:///usr/share/doc/gcc-9/README.Bugs --enable-languages=c,ada,c++,go,brig,d,fortran,objc,obj-c++,gm2 --prefix=/usr --with-gcc-major-version-only --program-suffix=-9 --program-prefix=x86_64-linux-gnu- --enable-shared --enable-linker-build-id --libexecdir=/usr/lib --without-included-gettext --enable-threads=posix --libdir=/usr/lib --enable-nls --enable-clocale=gnu --enable-libstdcxx-debug --enable-libstdcxx-time=yes --with-default-libstdcxx-abi=new --enable-gnu-unique-object --disable-vtable-verify --enable-plugin --enable-default-pie --with-system-zlib --with-target-system-zlib=auto --enable-objc-gc=auto --enable-multiarch --disable-werror --with-arch-32=i686 --with-abi=m64 --with-multilib-list=m32,m64,mx32 --enable-multilib --with-tune=generic --enable-offload-targets=nvptx-none=/build/gcc-9-HskZEa/gcc-9-9.3.0/debian/tmp-nvptx/usr,hsa --without-cuda-driver --enable-checking=release --build=x86_64-linux-gnu --host=x86_64-linux-gnu --target=x86_64-linux-gnu
Thread model: posix
gcc version 9.3.0 (Ubuntu 9.3.0-17ubuntu1~20.04) 
configure:3496: $? = 0
configure:3485: gcc -V >&5
gcc: error: unrecognized command line option '-V'
gcc: fatal error: no input files
compilation terminated.
configure:3496: $? = 1
configure:3485: gcc -qversion >&5
gcc: error: unrecognized command line option '-qversion'; did you mean '--version'?
gcc: fatal error: no input files
compilation terminated.
configure:3496: $? = 1
configure:3516: checking whether the C compiler works
configure:3538: gcc    conftest.c  >&5
configure:3542: $? = 0
configure:3590: result: yes
configure:3593: checking for C compiler default output file name
configure:3595: result: a.out
configure:3601: checking for suffix of executables
configure:3608: gcc -o conftest    conftest.c  >&5
configure:3612: $? = 0
configure:3634: result: 
configure:3656: checking whether we are cross compiling
configure:3664: gcc -o conftest    conftest.c  >&5
configure:3668: $? = 0
configure:3675: ./conftest
configure:3679: $? = 0
configure:3667: result: no
configure:3672: checking for suffix of object files
configure:3694: gcc -c   conftest.c >&5
configure:3698: $? = 0
configure:3719: result: o
configure:3723: checking whether we are using the GNU C compiler
configure:3742: gcc -c   conftest.c >&5
configure:3742: $? = 0
configure:3751: result: yes
configure:3760: checking whether gcc accepts -g
configure:3780: gcc -c -g  conftest.c >&5
configure:3780: $? = 0
configure:3821: result: yes
configure:3838: checking for gcc option to accept ISO C89
configure:3902: gcc  -c -g -O2  conftest.c >&5
configure:3902: $? = 0
configure:3915: result: none needed
configure:3937: checking dependency style of gcc
configure:4047: result: gcc3
configure:4062: checking for a sed that does not truncate output
configure:4126: result: /usr/bin/sed
configure:4144: checking for grep that handles long lines and -e
configure:4202: result: /usr/bin/grep
configure:4207: checking for egrep
configure:4269: result: /usr/bin/grep -E
configure:4274: checking for fgrep
configure:4336: result: /usr/bin/grep -F
configure:4371: checking for ld used by gcc
configure:4438: result: /usr/bin/ld
configure:4445: checking if the linker (/usr/bin/ld) is GNU ld
configure:4460: result: yes
configure:4472: checking for BSD- or MS-compatible name lister (nm)
configure:4521: result: /usr/bin/nm -B
configure:4639: checking the name lister (/usr/bin/nm -B) interface
configure:4677: gcc -c -g -O2  conftest.c >&5
configure:4680: /usr/bin/nm -B "conftest.o"
configure:4683: output
0000000000000000 B some_variable
configure:4653: result: BSD nm
configure:4656: checking whether ln -s works
configure:4660: result: yes
configure:4668: checking the maximum length of command line arguments
configure:4788: result: 1572864
configure:4805: checking whether the shell understands some XSI constructs
configure:4814: result: yes
configure:4818: checking whether the shell understands "+="
configure:4822: result: yes
configure:4857: checking for /usr/bin/ld option to reload object files
configure:4864: result: -r
configure:4933: checking for objdump
configure:4949: found /usr/bin/objdump
configure:4960: result: objdump
configure:4992: checking how to recognize dependent libraries
configure:5188: result: pass_all
configure:5248: checking for ar
configure:5264: found /usr/bin/ar
configure:5275: result: ar
configure:5353: checking for strip
configure:5369: found /usr/bin/strip
configure:5380: result: strip
configure:5452: checking for ranlib
configure:5468: found /usr/bin/ranlib
configure:5479: result: ranlib
configure:5569: checking command to parse /usr/bin/nm -B output from gcc object
configure:5687: gcc -c -g -O2  conftest.c >&5
configure:5690: $? = 0
configure:5694: /usr/bin/nm -B conftest.o \| sed -n -e 's/^.*[	 ]\([ABCDGIRSTW][ABCDGIRSTW]*\)[	 ][	 ]*\([_A-Za-z][_A-Za-z0-9]*\)$/\1 \2 \2/p' \> conftest.nm
configure:5697: $? = 0
configure:5751: gcc -o conftest -g -O2   conftest.c conftstm.o >&5
configure:5754: $? = 0
configure:5792: result: ok
configure:5888: gcc -c -g -O2  conftest.c >&5
configure:5891: $? = 0
configure:6601: checking how to run the C preprocessor
configure:6632: gcc -E  conftest.c
configure:6632: $? = 0
configure:6646: gcc -E  conftest.c
conftest.c:11:10: fatal error: ac_nonexistent.h: No such file or directory
   11 | #include <ac_nonexistent.h>
      |          ^~~~~~~~~~~~~~~~~~
compilation terminated.
configure:6646: $? = 1
configure: failed program was:
| /* confdefs.h */
| #define PACKAGE_NAME "log4cpp"
| #define PACKAGE_TARNAME "log4cpp"
| #define PACKAGE_VERSION "1.1"
| #define PACKAGE_STRING "log4cpp 1.1"
| #define PACKAGE_BUGREPORT ""
| #define PACKAGE_URL ""
| #define PACKAGE "log4cpp"
| #define VERSION "1.1"
| /* end confdefs.h.  */
| #include <ac_nonexistent.h>
configure:6671: result: gcc -E
configure:6691: gcc -E  conftest.c
configure:6691: $? = 0
configure:6705: gcc -E  conftest.c
conftest.c:11:10: fatal error: ac_nonexistent.h: No such file or directory
   11 | #include <ac_nonexistent.h>
      |          ^~~~~~~~~~~~~~~~~~
compilation terminated.
configure:6705: $? = 1
configure: failed program was:
| /* confdefs.h */
| #define PACKAGE_NAME "log4cpp"
| #define PACKAGE_TARNAME "log4cpp"
| #define PACKAGE_VERSION "1.1"
| #define PACKAGE_STRING "log4cpp 1.1"
| #define PACKAGE_BUGREPORT ""
| #define PACKAGE_URL ""
| #define PACKAGE "log4cpp"
| #define VERSION "1.1"
| /* end confdefs.h.  */
| #include <ac_nonexistent.h>
configure:6734: checking for ANSI C header files
configure:6754: gcc -c -g -O2  conftest.c >&5
configure:6754: $? = 0
configure:6827: gcc -o conftest -g -O2   conftest.c  >&5
configure:6827: $? = 0
configure:6827: ./conftest
configure:6827: $? = 0
configure:6838: result: yes
configure:6851: checking for sys/types.h
configure:6851: gcc -c -g -O2  conftest.c >&5
configure:6851: $? = 0
configure:6851: result: yes
configure:6851: checking for sys/stat.h
configure:6851: gcc -c -g -O2  conftest.c >&5
configure:6851: $? = 0
configure:6851: result: yes
configure:6851: checking for stdlib.h
configure:6851: gcc -c -g -O2  conftest.c >&5
configure:6851: $? = 0
configure:6851: result: yes
configure:6851: checking for string.h
configure:6851: gcc -c -g -O2  conftest.c >&5
configure:6851: $? = 0
configure:6851: result: yes
configure:6851: checking for memory.h
configure:6851: gcc -c -g -O2  conftest.c >&5
configure:6851: $? = 0
configure:6851: result: yes
configure:6851: checking for strings.h
configure:6851: gcc -c -g -O2  conftest.c >&5
configure:6851: $? = 0
configure:6851: result: yes
configure:6851: checking for inttypes.h
configure:6851: gcc -c -g -O2  conftest.c >&5
configure:6851: $? = 0
configure:6851: result: yes
configure:6851: checking for stdint.h
configure:6851: gcc -c -g -O2  conftest.c >&5
configure:6851: $? = 0
configure:6851: result: yes
configure:6851: checking for unistd.h
configure:6851: gcc -c -g -O2  conftest.c >&5
configure:6851: $? = 0
configure:6851: result: yes
configure:6865: checking for dlfcn.h
configure:6865: gcc -c -g -O2  conftest.c >&5
configure:6865: $? = 0
configure:6865: result: yes
configure:7049: checking for objdir
configure:7064: result: .libs
configure:7356: checking if gcc supports -fno-rtti -fno-exceptions
configure:7414: gcc -c -g -O2  -fno-rtti -fno-exceptions conftest.c >&5
cc1: warning: command line option '-fno-rtti' is valid for C++/D/ObjC++ but not for C
configure:7418: $? = 0
configure:7391: result: no
configure:7411: checking for gcc option to produce PIC
configure:7683: result: -fPIC -DPIC
configure:7695: checking if gcc PIC flag -fPIC -DPIC works
configure:7753: gcc -c -g -O2  -fPIC -DPIC -DPIC conftest.c >&5
configure:7757: $? = 0
configure:7730: result: yes
configure:7754: checking if gcc static flag -static works
configure:7782: result: yes
configure:7797: checking if gcc supports -c -o file.o
configure:7858: gcc -c -g -O2  -o out/conftest2.o conftest.c >&5
configure:7862: $? = 0
configure:7844: result: yes
configure:7852: checking if gcc supports -c -o file.o
configure:7899: result: yes
configure:7932: checking whether the gcc linker (/usr/bin/ld -m elf_x86_64) supports shared libraries
configure:8923: result: yes
configure:8960: checking whether -lc should be explicitly linked in
configure:8965: gcc -c -g -O2  conftest.c >&5
configure:8968: $? = 0
configure:8983: gcc -shared conftest.o  -v -Wl,-soname -Wl,conftest -o conftest 2\>\&1 \| /usr/bin/grep  -lc  \>/dev/null 2\>\&1
configure:8986: $? = 0
configure:8998: result: no
configure:9162: checking dynamic linker characteristics
configure:9595: gcc -o conftest -g -O2   -Wl,-rpath -Wl,/foo conftest.c  >&5
configure:9595: $? = 0
configure:9825: result: GNU/Linux ld.so
configure:9927: checking how to hardcode library paths into programs
configure:9952: result: immediate
configure:10472: checking whether stripping libraries is possible
configure:10477: result: yes
configure:10512: checking if libtool supports shared libraries
configure:10514: result: yes
configure:10517: checking whether to build shared libraries
configure:10538: result: yes
configure:10541: checking whether to build static libraries
configure:10545: result: yes
configure:7849: checking whether make sets $(MAKE)
configure:7871: result: yes
configure:7939: checking for g++
configure:7955: found /usr/bin/g++
configure:7966: result: g++
configure:7993: checking for C++ compiler version
configure:8002: g++ --version >&5
g++ (Ubuntu 9.3.0-17ubuntu1~20.04) 9.3.0
Copyright (C) 2019 Free Software Foundation, Inc.
This is free software; see the source for copying conditions.  There is NO
warranty; not even for MERCHANTABILITY or FITNESS FOR A PARTICULAR PURPOSE.

configure:8013: $? = 0
configure:8002: g++ -v >&5
Using built-in specs.
COLLECT_GCC=g++
COLLECT_LTO_WRAPPER=/usr/lib/gcc/x86_64-linux-gnu/9/lto-wrapper
OFFLOAD_TARGET_NAMES=nvptx-none:hsa
OFFLOAD_TARGET_DEFAULT=1
Target: x86_64-linux-gnu
Configured with: ../src/configure -v --with-pkgversion='Ubuntu 9.3.0-17ubuntu1~20.04' --with-bugurl=file:///usr/share/doc/gcc-9/README.Bugs --enable-languages=c,ada,c++,go,brig,d,fortran,objc,obj-c++,gm2 --prefix=/usr --with-gcc-major-version-only --program-suffix=-9 --program-prefix=x86_64-linux-gnu- --enable-shared --enable-linker-build-id --libexecdir=/usr/lib --without-included-gettext --enable-threads=posix --libdir=/usr/lib --enable-nls --enable-clocale=gnu --enable-libstdcxx-debug --enable-libstdcxx-time=yes --with-default-libstdcxx-abi=new --enable-gnu-unique-object --disable-vtable-verify --enable-plugin --enable-default-pie --with-system-zlib --with-target-system-zlib=auto --enable-objc-gc=auto --enable-multiarch --disable-werror --with-arch-32=i686 --with-abi=m64 --with-multilib-list=m32,m64,mx32 --enable-multilib --with-tune=generic --enable-offload-targets=nvptx-none=/build/gcc-9-HskZEa/gcc-9-9.3.0/debian/tmp-nvptx/usr,hsa --without-cuda-driver --enable-checking=release --build=x86_64-linux-gnu --host=x86_64-linux-gnu --target=x86_64-linux-gnu
Thread model: posix
gcc version 9.3.0 (Ubuntu 9.3.0-17ubuntu1~20.04) 
configure:8013: $? = 0
configure:8002: g++ -V >&5
g++: error: unrecognized command line option '-V'
g++: fatal error: no input files
compilation terminated.
configure:8013: $? = 1
configure:8002: g++ -qversion >&5
g++: error: unrecognized command line option '-qversion'; did you mean '--version'?
g++: fatal error: no input files
compilation terminated.
configure:8013: $? = 1
configure:8017: checking whether we are using the GNU C++ compiler
configure:8036: g++ -c   conftest.cpp >&5
configure:8036: $? = 0
configure:8045: result: yes
configure:8054: checking whether g++ accepts -g
configure:8074: g++ -c -g  conftest.cpp >&5
configure:8074: $? = 0
configure:8115: result: yes
configure:8140: checking dependency style of g++
configure:8250: result: gcc3
configure:8378: checking for C++ compiler version
configure:8387: g++ --version >&5
g++ (Ubuntu 9.3.0-17ubuntu1~20.04) 9.3.0
Copyright (C) 2019 Free Software Foundation, Inc.
This is free software; see the source for copying conditions.  There is NO
warranty; not even for MERCHANTABILITY or FITNESS FOR A PARTICULAR PURPOSE.

configure:8398: $? = 0
configure:8387: g++ -v >&5
Using built-in specs.
COLLECT_GCC=g++
COLLECT_LTO_WRAPPER=/usr/lib/gcc/x86_64-linux-gnu/9/lto-wrapper
OFFLOAD_TARGET_NAMES=nvptx-none:hsa
OFFLOAD_TARGET_DEFAULT=1
Target: x86_64-linux-gnu
Configured with: ../src/configure -v --with-pkgversion='Ubuntu 9.3.0-17ubuntu1~20.04' --with-bugurl=file:///usr/share/doc/gcc-9/README.Bugs --enable-languages=c,ada,c++,go,brig,d,fortran,objc,obj-c++,gm2 --prefix=/usr --with-gcc-major-version-only --program-suffix=-9 --program-prefix=x86_64-linux-gnu- --enable-shared --enable-linker-build-id --libexecdir=/usr/lib --without-included-gettext --enable-threads=posix --libdir=/usr/lib --enable-nls --enable-clocale=gnu --enable-libstdcxx-debug --enable-libstdcxx-time=yes --with-default-libstdcxx-abi=new --enable-gnu-unique-object --disable-vtable-verify --enable-plugin --enable-default-pie --with-system-zlib --with-target-system-zlib=auto --enable-objc-gc=auto --enable-multiarch --disable-werror --with-arch-32=i686 --with-abi=m64 --with-multilib-list=m32,m64,mx32 --enable-multilib --with-tune=generic --enable-offload-targets=nvptx-none=/build/gcc-9-HskZEa/gcc-9-9.3.0/debian/tmp-nvptx/usr,hsa --without-cuda-driver --enable-checking=release --build=x86_64-linux-gnu --host=x86_64-linux-gnu --target=x86_64-linux-gnu
Thread model: posix
gcc version 9.3.0 (Ubuntu 9.3.0-17ubuntu1~20.04) 
configure:8398: $? = 0
configure:8387: g++ -V >&5
g++: error: unrecognized command line option '-V'
g++: fatal error: no input files
compilation terminated.
configure:8398: $? = 1
configure:8387: g++ -qversion >&5
g++: error: unrecognized command line option '-qversion'; did you mean '--version'?
g++: fatal error: no input files
compilation terminated.
configure:8398: $? = 1
configure:8402: checking whether we are using the GNU C++ compiler
configure:8430: result: yes
configure:8439: checking whether g++ accepts -g
configure:8500: result: yes
configure:8525: checking dependency style of g++
configure:8635: result: gcc3
configure:8658: checking how to run the C++ preprocessor
configure:8685: g++ -E  conftest.cpp
configure:8685: $? = 0
configure:8699: g++ -E  conftest.cpp
conftest.cpp:23:10: fatal error: ac_nonexistent.h: No such file or directory
   23 | #include <ac_nonexistent.h>
      |          ^~~~~~~~~~~~~~~~~~
compilation terminated.
configure:8699: $? = 1
configure: failed program was:
| /* confdefs.h */
| #define PACKAGE_NAME "log4cpp"
| #define PACKAGE_TARNAME "log4cpp"
| #define PACKAGE_VERSION "1.1"
| #define PACKAGE_STRING "log4cpp 1.1"
| #define PACKAGE_BUGREPORT ""
| #define PACKAGE_URL ""
| #define PACKAGE "log4cpp"
| #define VERSION "1.1"
| #define STDC_HEADERS 1
| #define HAVE_SYS_TYPES_H 1
| #define HAVE_SYS_STAT_H 1
| #define HAVE_STDLIB_H 1
| #define HAVE_STRING_H 1
| #define HAVE_MEMORY_H 1
| #define HAVE_STRINGS_H 1
| #define HAVE_INTTYPES_H 1
| #define HAVE_STDINT_H 1
| #define HAVE_UNISTD_H 1
| #define HAVE_DLFCN_H 1
| #define LT_OBJDIR ".libs/"
| /* end confdefs.h.  */
| #include <ac_nonexistent.h>
configure:8724: result: g++ -E
configure:8744: g++ -E  conftest.cpp
configure:8744: $? = 0
configure:8758: g++ -E  conftest.cpp
conftest.cpp:23:10: fatal error: ac_nonexistent.h: No such file or directory
   23 | #include <ac_nonexistent.h>
      |          ^~~~~~~~~~~~~~~~~~
compilation terminated.
configure:8758: $? = 1
configure: failed program was:
| /* confdefs.h */
| #define PACKAGE_NAME "log4cpp"
| #define PACKAGE_TARNAME "log4cpp"
| #define PACKAGE_VERSION "1.1"
| #define PACKAGE_STRING "log4cpp 1.1"
| #define PACKAGE_BUGREPORT ""
| #define PACKAGE_URL ""
| #define PACKAGE "log4cpp"
| #define VERSION "1.1"
| #define STDC_HEADERS 1
| #define HAVE_SYS_TYPES_H 1
| #define HAVE_SYS_STAT_H 1
| #define HAVE_STDLIB_H 1
| #define HAVE_STRING_H 1
| #define HAVE_MEMORY_H 1
| #define HAVE_STRINGS_H 1
| #define HAVE_INTTYPES_H 1
| #define HAVE_STDINT_H 1
| #define HAVE_UNISTD_H 1
| #define HAVE_DLFCN_H 1
| #define LT_OBJDIR ".libs/"
| /* end confdefs.h.  */
| #include <ac_nonexistent.h>
configure:8926: checking for ld used by g++
configure:8993: result: /usr/bin/ld -m elf_x86_64
configure:9000: checking if the linker (/usr/bin/ld -m elf_x86_64) is GNU ld
configure:9015: result: yes
configure:9070: checking whether the g++ linker (/usr/bin/ld -m elf_x86_64) supports shared libraries
configure:9983: result: yes
configure:10011: g++ -c -g -O2  conftest.cpp >&5
configure:10014: $? = 0
configure:10196: checking for g++ option to produce PIC
configure:10513: result: -fPIC -DPIC
configure:10522: checking if g++ PIC flag -fPIC -DPIC works
configure:13312: g++ -c -g -O2  -fPIC -DPIC -DPIC conftest.cpp >&5
configure:13316: $? = 0
configure:10557: result: yes
configure:10578: checking if g++ static flag -static works
configure:10606: result: yes
configure:10618: checking if g++ supports -c -o file.o
configure:13411: g++ -c -g -O2  -o out/conftest2.o conftest.cpp >&5
configure:13415: $? = 0
configure:10665: result: yes
configure:10670: checking if g++ supports -c -o file.o
configure:10717: result: yes
configure:10747: checking whether the g++ linker (/usr/bin/ld -m elf_x86_64) supports shared libraries
configure:10776: result: yes
configure:10913: checking dynamic linker characteristics
configure:11294: g++ -o conftest -g -O2   -Wl,-rpath -Wl,/foo conftest.cpp  >&5
configure:11294: $? = 0
configure:11524: result: GNU/Linux ld.so
configure:11575: checking how to hardcode library paths into programs
configure:11600: result: immediate
configure:10660: checking how to run the C++ preprocessor
configure:10726: result: g++ -E
configure:10746: g++ -E  conftest.cpp
configure:10746: $? = 0
configure:10760: g++ -E  conftest.cpp
conftest.cpp:23:10: fatal error: ac_nonexistent.h: No such file or directory
   23 | #include <ac_nonexistent.h>
      |          ^~~~~~~~~~~~~~~~~~
compilation terminated.
configure:10760: $? = 1
configure: failed program was:
| /* confdefs.h */
| #define PACKAGE_NAME "log4cpp"
| #define PACKAGE_TARNAME "log4cpp"
| #define PACKAGE_VERSION "1.1"
| #define PACKAGE_STRING "log4cpp 1.1"
| #define PACKAGE_BUGREPORT ""
| #define PACKAGE_URL ""
| #define PACKAGE "log4cpp"
| #define VERSION "1.1"
| #define STDC_HEADERS 1
| #define HAVE_SYS_TYPES_H 1
| #define HAVE_SYS_STAT_H 1
| #define HAVE_STDLIB_H 1
| #define HAVE_STRING_H 1
| #define HAVE_MEMORY_H 1
| #define HAVE_STRINGS_H 1
| #define HAVE_INTTYPES_H 1
| #define HAVE_STDINT_H 1
| #define HAVE_UNISTD_H 1
| #define HAVE_DLFCN_H 1
| #define LT_OBJDIR ".libs/"
| /* end confdefs.h.  */
| #include <ac_nonexistent.h>
configure:10799: checking for unistd.h
configure:10799: result: yes
configure:10811: checking io.h usability
configure:10811: gcc -c   conftest.c >&5
conftest.c:57:10: fatal error: io.h: No such file or directory
   57 | #include <io.h>
      |          ^~~~~~
compilation terminated.
configure:10811: $? = 1
configure: failed program was:
| /* confdefs.h */
| #define PACKAGE_NAME "log4cpp"
| #define PACKAGE_TARNAME "log4cpp"
| #define PACKAGE_VERSION "1.1"
| #define PACKAGE_STRING "log4cpp 1.1"
| #define PACKAGE_BUGREPORT ""
| #define PACKAGE_URL ""
| #define PACKAGE "log4cpp"
| #define VERSION "1.1"
| #define STDC_HEADERS 1
| #define HAVE_SYS_TYPES_H 1
| #define HAVE_SYS_STAT_H 1
| #define HAVE_STDLIB_H 1
| #define HAVE_STRING_H 1
| #define HAVE_MEMORY_H 1
| #define HAVE_STRINGS_H 1
| #define HAVE_INTTYPES_H 1
| #define HAVE_STDINT_H 1
| #define HAVE_UNISTD_H 1
| #define HAVE_DLFCN_H 1
| #define LT_OBJDIR ".libs/"
| #define HAVE_UNISTD_H 1
| /* end confdefs.h.  */
| #include <stdio.h>
| #ifdef HAVE_SYS_TYPES_H
| # include <sys/types.h>
| #endif
| #ifdef HAVE_SYS_STAT_H
| # include <sys/stat.h>
| #endif
| #ifdef STDC_HEADERS
| # include <stdlib.h>
| # include <stddef.h>
| #else
| # ifdef HAVE_STDLIB_H
| #  include <stdlib.h>
| # endif
| #endif
| #ifdef HAVE_STRING_H
| # if !defined STDC_HEADERS && defined HAVE_MEMORY_H
| #  include <memory.h>
| # endif
| # include <string.h>
| #endif
| #ifdef HAVE_STRINGS_H
| # include <strings.h>
| #endif
| #ifdef HAVE_INTTYPES_H
| # include <inttypes.h>
| #endif
| #ifdef HAVE_STDINT_H
| # include <stdint.h>
| #endif
| #ifdef HAVE_UNISTD_H
| # include <unistd.h>
| #endif
| #include <io.h>
configure:10811: result: no
configure:10811: checking io.h presence
configure:10811: gcc -E  conftest.c
conftest.c:24:10: fatal error: io.h: No such file or directory
   24 | #include <io.h>
      |          ^~~~~~
compilation terminated.
configure:10811: $? = 1
configure: failed program was:
| /* confdefs.h */
| #define PACKAGE_NAME "log4cpp"
| #define PACKAGE_TARNAME "log4cpp"
| #define PACKAGE_VERSION "1.1"
| #define PACKAGE_STRING "log4cpp 1.1"
| #define PACKAGE_BUGREPORT ""
| #define PACKAGE_URL ""
| #define PACKAGE "log4cpp"
| #define VERSION "1.1"
| #define STDC_HEADERS 1
| #define HAVE_SYS_TYPES_H 1
| #define HAVE_SYS_STAT_H 1
| #define HAVE_STDLIB_H 1
| #define HAVE_STRING_H 1
| #define HAVE_MEMORY_H 1
| #define HAVE_STRINGS_H 1
| #define HAVE_INTTYPES_H 1
| #define HAVE_STDINT_H 1
| #define HAVE_UNISTD_H 1
| #define HAVE_DLFCN_H 1
| #define LT_OBJDIR ".libs/"
| #define HAVE_UNISTD_H 1
| /* end confdefs.h.  */
| #include <io.h>
configure:10811: result: no
configure:10811: checking for io.h
configure:10811: result: no
configure:10824: checking for int64_t
configure:10840: gcc -c   conftest.c >&5
configure:10840: $? = 0
configure:10848: result: yes
configure:10859: checking for working snprintf
configure:10873: gcc -o conftest    conftest.c  >&5
conftest.c:24: warning: "HAVE_STDINT_H" redefined
   24 | #define HAVE_STDINT_H /**/
      | 
conftest.c:18: note: this is the location of the previous definition
   18 | #define HAVE_STDINT_H 1
      | 
conftest.c: In function 'main':
conftest.c:27:50: warning: implicit declaration of function 'exit' [-Wimplicit-function-declaration]
   27 | int main () { int l = snprintf(NULL,0,"%d",100); exit (!((3 <= l) || (-1 == l))); }
      |                                                  ^~~~
conftest.c:27:50: warning: incompatible implicit declaration of built-in function 'exit'
conftest.c:27:1: note: include '<stdlib.h>' or provide a declaration of 'exit'
   26 | #include <stdio.h>
  +++ |+#include <stdlib.h>
   27 | int main () { int l = snprintf(NULL,0,"%d",100); exit (!((3 <= l) || (-1 == l))); }
configure:10873: $? = 0
configure:10873: ./conftest
configure:10873: $? = 0
configure:10883: result: yes
configure:10895: checking for syslog
configure:10895: gcc -o conftest    conftest.c  >&5
conftest.c:24: warning: "HAVE_STDINT_H" redefined
   24 | #define HAVE_STDINT_H /**/
      | 
conftest.c:18: note: this is the location of the previous definition
   18 | #define HAVE_STDINT_H 1
      | 
configure:10895: $? = 0
configure:10895: result: yes
configure:10906: checking for gettimeofday
configure:10906: gcc -o conftest    conftest.c  >&5
conftest.c:24: warning: "HAVE_STDINT_H" redefined
   24 | #define HAVE_STDINT_H /**/
      | 
conftest.c:18: note: this is the location of the previous definition
   18 | #define HAVE_STDINT_H 1
      | 
configure:10906: $? = 0
configure:10906: result: yes
configure:10917: checking for ftime
configure:10917: gcc -o conftest    conftest.c  >&5
conftest.c:24: warning: "HAVE_STDINT_H" redefined
   24 | #define HAVE_STDINT_H /**/
      | 
conftest.c:18: note: this is the location of the previous definition
   18 | #define HAVE_STDINT_H 1
      | 
configure:10917: $? = 0
configure:10917: result: yes
configure:10928: checking for localtime_r
configure:10928: gcc -o conftest    conftest.c  >&5
conftest.c:24: warning: "HAVE_STDINT_H" redefined
   24 | #define HAVE_STDINT_H /**/
      | 
conftest.c:18: note: this is the location of the previous definition
   18 | #define HAVE_STDINT_H 1
      | 
configure:10928: $? = 0
configure:10928: result: yes
configure:10942: checking for socket in -lsocket
configure:10967: gcc -o conftest    conftest.c -lsocket   >&5
conftest.c:24: warning: "HAVE_STDINT_H" redefined
   24 | #define HAVE_STDINT_H /**/
      | 
conftest.c:18: note: this is the location of the previous definition
   18 | #define HAVE_STDINT_H 1
      | 
/usr/bin/ld: cannot find -lsocket
collect2: error: ld returned 1 exit status
configure:10967: $? = 1
configure: failed program was:
| /* confdefs.h */
| #define PACKAGE_NAME "log4cpp"
| #define PACKAGE_TARNAME "log4cpp"
| #define PACKAGE_VERSION "1.1"
| #define PACKAGE_STRING "log4cpp 1.1"
| #define PACKAGE_BUGREPORT ""
| #define PACKAGE_URL ""
| #define PACKAGE "log4cpp"
| #define VERSION "1.1"
| #define STDC_HEADERS 1
| #define HAVE_SYS_TYPES_H 1
| #define HAVE_SYS_STAT_H 1
| #define HAVE_STDLIB_H 1
| #define HAVE_STRING_H 1
| #define HAVE_MEMORY_H 1
| #define HAVE_STRINGS_H 1
| #define HAVE_INTTYPES_H 1
| #define HAVE_STDINT_H 1
| #define HAVE_UNISTD_H 1
| #define HAVE_DLFCN_H 1
| #define LT_OBJDIR ".libs/"
| #define HAVE_UNISTD_H 1
| #define HAVE_INT64_T /**/
| #define HAVE_STDINT_H /**/
| #define HAVE_SNPRINTF /**/
| #define HAVE_SYSLOG 1
| #define HAVE_GETTIMEOFDAY 1
| #define HAVE_FTIME 1
| #define HAVE_LOCALTIME_R 1
| /* end confdefs.h.  */
| 
| /* Override any GCC internal prototype to avoid an error.
|    Use char because int might match the return type of a GCC
|    builtin and then its argument prototype would still apply.  */
| #ifdef __cplusplus
| extern "C"
| #endif
| char socket ();
| int
| main ()
| {
| return socket ();
|   ;
|   return 0;
| }
configure:10976: result: no
configure:10982: checking for gethostbyname in -lnsl
configure:11007: gcc -o conftest    conftest.c -lnsl   >&5
conftest.c:24: warning: "HAVE_STDINT_H" redefined
   24 | #define HAVE_STDINT_H /**/
      | 
conftest.c:18: note: this is the location of the previous definition
   18 | #define HAVE_STDINT_H 1
      | 
configure:11007: $? = 0
configure:11016: result: yes
configure:11189: checking for the pthreads library -lpthreads
configure:11222: gcc -o conftest     conftest.c -lpthreads -lnsl  >&5
conftest.c:24: warning: "HAVE_STDINT_H" redefined
   24 | #define HAVE_STDINT_H /**/
      | 
conftest.c:18: note: this is the location of the previous definition
   18 | #define HAVE_STDINT_H 1
      | 
conftest.c: In function 'main':
conftest.c:36:22: warning: null argument where non-null required (argument 1) [-Wnonnull]
   36 |                      pthread_attr_init(0); pthread_cleanup_push(0, 0);
      |                      ^~~~~~~~~~~~~~~~~
conftest.c:37:22: warning: null argument where non-null required (argument 1) [-Wnonnull]
   37 |                      pthread_create(0,0,0,0); pthread_cleanup_pop(0);
      |                      ^~~~~~~~~~~~~~
conftest.c:37:22: warning: null argument where non-null required (argument 3) [-Wnonnull]
/usr/bin/ld: cannot find -lpthreads
collect2: error: ld returned 1 exit status
configure:11222: $? = 1
configure: failed program was:
| /* confdefs.h */
| #define PACKAGE_NAME "log4cpp"
| #define PACKAGE_TARNAME "log4cpp"
| #define PACKAGE_VERSION "1.1"
| #define PACKAGE_STRING "log4cpp 1.1"
| #define PACKAGE_BUGREPORT ""
| #define PACKAGE_URL ""
| #define PACKAGE "log4cpp"
| #define VERSION "1.1"
| #define STDC_HEADERS 1
| #define HAVE_SYS_TYPES_H 1
| #define HAVE_SYS_STAT_H 1
| #define HAVE_STDLIB_H 1
| #define HAVE_STRING_H 1
| #define HAVE_MEMORY_H 1
| #define HAVE_STRINGS_H 1
| #define HAVE_INTTYPES_H 1
| #define HAVE_STDINT_H 1
| #define HAVE_UNISTD_H 1
| #define HAVE_DLFCN_H 1
| #define LT_OBJDIR ".libs/"
| #define HAVE_UNISTD_H 1
| #define HAVE_INT64_T /**/
| #define HAVE_STDINT_H /**/
| #define HAVE_SNPRINTF /**/
| #define HAVE_SYSLOG 1
| #define HAVE_GETTIMEOFDAY 1
| #define HAVE_FTIME 1
| #define HAVE_LOCALTIME_R 1
| /* end confdefs.h.  */
| #include <pthread.h>
| int
| main ()
| {
| pthread_t th; pthread_join(th, 0);
|                      pthread_attr_init(0); pthread_cleanup_push(0, 0);
|                      pthread_create(0,0,0,0); pthread_cleanup_pop(0);
|   ;
|   return 0;
| }
configure:11231: result: no
configure:11134: checking whether pthreads work without any flags
configure:11222: gcc -o conftest     conftest.c  -lnsl  >&5
conftest.c:24: warning: "HAVE_STDINT_H" redefined
   24 | #define HAVE_STDINT_H /**/
      | 
conftest.c:18: note: this is the location of the previous definition
   18 | #define HAVE_STDINT_H 1
      | 
conftest.c: In function 'main':
conftest.c:36:22: warning: null argument where non-null required (argument 1) [-Wnonnull]
   36 |                      pthread_attr_init(0); pthread_cleanup_push(0, 0);
      |                      ^~~~~~~~~~~~~~~~~
conftest.c:37:22: warning: null argument where non-null required (argument 1) [-Wnonnull]
   37 |                      pthread_create(0,0,0,0); pthread_cleanup_pop(0);
      |                      ^~~~~~~~~~~~~~
conftest.c:37:22: warning: null argument where non-null required (argument 3) [-Wnonnull]
/usr/bin/ld: /tmp/ccAPWFvu.o: in function `main':
conftest.c:(.text+0x2b): undefined reference to `pthread_join'
/usr/bin/ld: conftest.c:(.text+0x98): undefined reference to `__pthread_register_cancel'
/usr/bin/ld: conftest.c:(.text+0xb1): undefined reference to `pthread_create'
/usr/bin/ld: conftest.c:(.text+0xbd): undefined reference to `__pthread_unregister_cancel'
collect2: error: ld returned 1 exit status
configure:11222: $? = 1
configure: failed program was:
| /* confdefs.h */
| #define PACKAGE_NAME "log4cpp"
| #define PACKAGE_TARNAME "log4cpp"
| #define PACKAGE_VERSION "1.1"
| #define PACKAGE_STRING "log4cpp 1.1"
| #define PACKAGE_BUGREPORT ""
| #define PACKAGE_URL ""
| #define PACKAGE "log4cpp"
| #define VERSION "1.1"
| #define STDC_HEADERS 1
| #define HAVE_SYS_TYPES_H 1
| #define HAVE_SYS_STAT_H 1
| #define HAVE_STDLIB_H 1
| #define HAVE_STRING_H 1
| #define HAVE_MEMORY_H 1
| #define HAVE_STRINGS_H 1
| #define HAVE_INTTYPES_H 1
| #define HAVE_STDINT_H 1
| #define HAVE_UNISTD_H 1
| #define HAVE_DLFCN_H 1
| #define LT_OBJDIR ".libs/"
| #define HAVE_UNISTD_H 1
| #define HAVE_INT64_T /**/
| #define HAVE_STDINT_H /**/
| #define HAVE_SNPRINTF /**/
| #define HAVE_SYSLOG 1
| #define HAVE_GETTIMEOFDAY 1
| #define HAVE_FTIME 1
| #define HAVE_LOCALTIME_R 1
| /* end confdefs.h.  */
| #include <pthread.h>
| int
| main ()
| {
| pthread_t th; pthread_join(th, 0);
|                      pthread_attr_init(0); pthread_cleanup_push(0, 0);
|                      pthread_create(0,0,0,0); pthread_cleanup_pop(0);
|   ;
|   return 0;
| }
configure:11231: result: no
configure:11139: checking whether pthreads work with -Kthread
configure:11222: gcc -o conftest  -Kthread   conftest.c  -lnsl  >&5
gcc: error: unrecognized command line option '-Kthread'; did you mean '-pthread'?
configure:11222: $? = 1
configure: failed program was:
| /* confdefs.h */
| #define PACKAGE_NAME "log4cpp"
| #define PACKAGE_TARNAME "log4cpp"
| #define PACKAGE_VERSION "1.1"
| #define PACKAGE_STRING "log4cpp 1.1"
| #define PACKAGE_BUGREPORT ""
| #define PACKAGE_URL ""
| #define PACKAGE "log4cpp"
| #define VERSION "1.1"
| #define STDC_HEADERS 1
| #define HAVE_SYS_TYPES_H 1
| #define HAVE_SYS_STAT_H 1
| #define HAVE_STDLIB_H 1
| #define HAVE_STRING_H 1
| #define HAVE_MEMORY_H 1
| #define HAVE_STRINGS_H 1
| #define HAVE_INTTYPES_H 1
| #define HAVE_STDINT_H 1
| #define HAVE_UNISTD_H 1
| #define HAVE_DLFCN_H 1
| #define LT_OBJDIR ".libs/"
| #define HAVE_UNISTD_H 1
| #define HAVE_INT64_T /**/
| #define HAVE_STDINT_H /**/
| #define HAVE_SNPRINTF /**/
| #define HAVE_SYSLOG 1
| #define HAVE_GETTIMEOFDAY 1
| #define HAVE_FTIME 1
| #define HAVE_LOCALTIME_R 1
| /* end confdefs.h.  */
| #include <pthread.h>
| int
| main ()
| {
| pthread_t th; pthread_join(th, 0);
|                      pthread_attr_init(0); pthread_cleanup_push(0, 0);
|                      pthread_create(0,0,0,0); pthread_cleanup_pop(0);
|   ;
|   return 0;
| }
configure:11231: result: no
configure:11139: checking whether pthreads work with -kthread
configure:11222: gcc -o conftest  -kthread   conftest.c  -lnsl  >&5
gcc: error: unrecognized command line option '-kthread'; did you mean '-pthread'?
configure:11222: $? = 1
configure: failed program was:
| /* confdefs.h */
| #define PACKAGE_NAME "log4cpp"
| #define PACKAGE_TARNAME "log4cpp"
| #define PACKAGE_VERSION "1.1"
| #define PACKAGE_STRING "log4cpp 1.1"
| #define PACKAGE_BUGREPORT ""
| #define PACKAGE_URL ""
| #define PACKAGE "log4cpp"
| #define VERSION "1.1"
| #define STDC_HEADERS 1
| #define HAVE_SYS_TYPES_H 1
| #define HAVE_SYS_STAT_H 1
| #define HAVE_STDLIB_H 1
| #define HAVE_STRING_H 1
| #define HAVE_MEMORY_H 1
| #define HAVE_STRINGS_H 1
| #define HAVE_INTTYPES_H 1
| #define HAVE_STDINT_H 1
| #define HAVE_UNISTD_H 1
| #define HAVE_DLFCN_H 1
| #define LT_OBJDIR ".libs/"
| #define HAVE_UNISTD_H 1
| #define HAVE_INT64_T /**/
| #define HAVE_STDINT_H /**/
| #define HAVE_SNPRINTF /**/
| #define HAVE_SYSLOG 1
| #define HAVE_GETTIMEOFDAY 1
| #define HAVE_FTIME 1
| #define HAVE_LOCALTIME_R 1
| /* end confdefs.h.  */
| #include <pthread.h>
| int
| main ()
| {
| pthread_t th; pthread_join(th, 0);
|                      pthread_attr_init(0); pthread_cleanup_push(0, 0);
|                      pthread_create(0,0,0,0); pthread_cleanup_pop(0);
|   ;
|   return 0;
| }
configure:11231: result: no
configure:11189: checking for the pthreads library -llthread
configure:11222: gcc -o conftest     conftest.c -llthread -lnsl  >&5
conftest.c:24: warning: "HAVE_STDINT_H" redefined
   24 | #define HAVE_STDINT_H /**/
      | 
conftest.c:18: note: this is the location of the previous definition
   18 | #define HAVE_STDINT_H 1
      | 
conftest.c: In function 'main':
conftest.c:36:22: warning: null argument where non-null required (argument 1) [-Wnonnull]
   36 |                      pthread_attr_init(0); pthread_cleanup_push(0, 0);
      |                      ^~~~~~~~~~~~~~~~~
conftest.c:37:22: warning: null argument where non-null required (argument 1) [-Wnonnull]
   37 |                      pthread_create(0,0,0,0); pthread_cleanup_pop(0);
      |                      ^~~~~~~~~~~~~~
conftest.c:37:22: warning: null argument where non-null required (argument 3) [-Wnonnull]
/usr/bin/ld: cannot find -llthread
collect2: error: ld returned 1 exit status
configure:11222: $? = 1
configure: failed program was:
| /* confdefs.h */
| #define PACKAGE_NAME "log4cpp"
| #define PACKAGE_TARNAME "log4cpp"
| #define PACKAGE_VERSION "1.1"
| #define PACKAGE_STRING "log4cpp 1.1"
| #define PACKAGE_BUGREPORT ""
| #define PACKAGE_URL ""
| #define PACKAGE "log4cpp"
| #define VERSION "1.1"
| #define STDC_HEADERS 1
| #define HAVE_SYS_TYPES_H 1
| #define HAVE_SYS_STAT_H 1
| #define HAVE_STDLIB_H 1
| #define HAVE_STRING_H 1
| #define HAVE_MEMORY_H 1
| #define HAVE_STRINGS_H 1
| #define HAVE_INTTYPES_H 1
| #define HAVE_STDINT_H 1
| #define HAVE_UNISTD_H 1
| #define HAVE_DLFCN_H 1
| #define LT_OBJDIR ".libs/"
| #define HAVE_UNISTD_H 1
| #define HAVE_INT64_T /**/
| #define HAVE_STDINT_H /**/
| #define HAVE_SNPRINTF /**/
| #define HAVE_SYSLOG 1
| #define HAVE_GETTIMEOFDAY 1
| #define HAVE_FTIME 1
| #define HAVE_LOCALTIME_R 1
| /* end confdefs.h.  */
| #include <pthread.h>
| int
| main ()
| {
| pthread_t th; pthread_join(th, 0);
|                      pthread_attr_init(0); pthread_cleanup_push(0, 0);
|                      pthread_create(0,0,0,0); pthread_cleanup_pop(0);
|   ;
|   return 0;
| }
configure:11231: result: no
configure:11139: checking whether pthreads work with -pthread
configure:11222: gcc -o conftest  -pthread   conftest.c  -lnsl  >&5
conftest.c:24: warning: "HAVE_STDINT_H" redefined
   24 | #define HAVE_STDINT_H /**/
      | 
conftest.c:18: note: this is the location of the previous definition
   18 | #define HAVE_STDINT_H 1
      | 
conftest.c: In function 'main':
conftest.c:36:22: warning: null argument where non-null required (argument 1) [-Wnonnull]
   36 |                      pthread_attr_init(0); pthread_cleanup_push(0, 0);
      |                      ^~~~~~~~~~~~~~~~~
conftest.c:37:22: warning: null argument where non-null required (argument 1) [-Wnonnull]
   37 |                      pthread_create(0,0,0,0); pthread_cleanup_pop(0);
      |                      ^~~~~~~~~~~~~~
conftest.c:37:22: warning: null argument where non-null required (argument 3) [-Wnonnull]
configure:11222: $? = 0
configure:11231: result: yes
configure:11250: checking for joinable pthread attribute
configure:11265: gcc -o conftest  -pthread   conftest.c  -lnsl  >&5
conftest.c:24: warning: "HAVE_STDINT_H" redefined
   24 | #define HAVE_STDINT_H /**/
      | 
conftest.c:18: note: this is the location of the previous definition
   18 | #define HAVE_STDINT_H 1
      | 
configure:11265: $? = 0
configure:11271: result: PTHREAD_CREATE_JOINABLE
configure:11281: checking if more special flags are required for pthreads
configure:11295: result: no
configure:11398: checking whether the compiler implements namespaces
configure:11420: g++ -c -pthread   conftest.cpp >&5
conftest.cpp:24: warning: "HAVE_STDINT_H" redefined
   24 | #define HAVE_STDINT_H /**/
      | 
conftest.cpp:18: note: this is the location of the previous definition
   18 | #define HAVE_STDINT_H 1
      | 
configure:11420: $? = 0
configure:11434: result: yes
configure:11442: checking whether the compiler has stringstream
configure:11468: g++ -c -pthread   conftest.cpp >&5
conftest.cpp:24: warning: "HAVE_STDINT_H" redefined
   24 | #define HAVE_STDINT_H /**/
      | 
conftest.cpp:18: note: this is the location of the previous definition
   18 | #define HAVE_STDINT_H 1
      | 
configure:11468: $? = 0
configure:11482: result: yes
configure:11575: checking for doxygen
configure:11608: result: no
configure:11731: creating log4cpp-config.in
configure:11904: creating log4cpp.pc.in
configure:12078: creating ./config.status

## ---------------------- ##
## Running config.status. ##
## ---------------------- ##

This file was extended by log4cpp config.status 1.1, which was
generated by GNU Autoconf 2.67.  Invocation command line was

  CONFIG_FILES    = 
  CONFIG_HEADERS  = 
  CONFIG_LINKS    = 
  CONFIG_COMMANDS = 
  $ ./config.status 

on dx-PC

config.status:1189: creating Makefile
config.status:1189: creating log4cpp.spec
config.status:1189: creating log4cpp.pc
config.status:1189: creating log4cpp-config
config.status:1297: WARNING:  'log4cpp-config.in' seems to ignore the --datarootdir setting
config.status:1189: creating config/Makefile
config.status:1189: creating doc/Makefile
config.status:1189: creating doc/Doxyfile
config.status:1189: creating doc/html/Makefile
config.status:1189: creating src/Makefile
config.status:1189: creating include/Makefile
config.status:1189: creating include/log4cpp/Makefile
config.status:1189: creating include/log4cpp/threading/Makefile
config.status:1189: creating tests/Makefile
config.status:1189: creating msvc6/Makefile
config.status:1189: creating msvc6/log4cpp/Makefile
config.status:1189: creating msvc6/log4cppDLL/Makefile
config.status:1189: creating msvc6/testCategory/Makefile
config.status:1189: creating msvc6/testDLL/Makefile
config.status:1189: creating msvc6/testMain/Makefile
config.status:1189: creating msvc6/testNDC/Makefile
config.status:1189: creating msvc6/testNTEventLog/Makefile
config.status:1189: creating msvc6/testPattern/Makefile
config.status:1189: creating bcb5/Makefile
config.status:1189: creating bcb5/log4cpp/Makefile
config.status:1189: creating bcb5/testCategory/Makefile
config.status:1189: creating bcb5/testConfig/Makefile
config.status:1189: creating bcb5/testFixedContextCategory/Makefile
config.status:1189: creating bcb5/testmain/Makefile
config.status:1189: creating bcb5/testNDC/Makefile
config.status:1189: creating bcb5/testPattern/Makefile
config.status:1189: creating openvms/Makefile
config.status:1189: creating include/config.h
config.status:1417: executing depfiles commands
config.status:1417: executing libtool commands
configure:14608: result: creating include/log4cpp/config.h - prefix LOG4CPP for include/config.h defines

## ---------------- ##
## Cache variables. ##
## ---------------- ##

ac_cv_build=x86_64-unknown-linux-gnu
ac_cv_c_compiler_gnu=yes
ac_cv_c_int64_t=yes
ac_cv_cxx_compiler_gnu=yes
ac_cv_cxx_have_sstream=yes
ac_cv_cxx_namespaces=yes
ac_cv_env_CCC_set=
ac_cv_env_CCC_value=
ac_cv_env_CC_set=
ac_cv_env_CC_value=
ac_cv_env_CFLAGS_set=
ac_cv_env_CFLAGS_value=
ac_cv_env_CPPFLAGS_set=
ac_cv_env_CPPFLAGS_value=
ac_cv_env_CPP_set=
ac_cv_env_CPP_value=
ac_cv_env_CXXCPP_set=
ac_cv_env_CXXCPP_value=
ac_cv_env_CXXFLAGS_set=
ac_cv_env_CXXFLAGS_value=
ac_cv_env_CXX_set=
ac_cv_env_CXX_value=
ac_cv_env_LDFLAGS_set=
ac_cv_env_LDFLAGS_value=
ac_cv_env_LIBS_set=
ac_cv_env_LIBS_value=
ac_cv_env_build_alias_set=
ac_cv_env_build_alias_value=
ac_cv_env_host_alias_set=
ac_cv_env_host_alias_value=
ac_cv_env_target_alias_set=
ac_cv_env_target_alias_value=
ac_cv_func_ftime=yes
ac_cv_func_gettimeofday=yes
ac_cv_func_localtime_r=yes
ac_cv_func_snprintf=yes
ac_cv_func_syslog=yes
ac_cv_header_dlfcn_h=yes
ac_cv_header_inttypes_h=yes
ac_cv_header_io_h=no
ac_cv_header_memory_h=yes
ac_cv_header_stdc=yes
ac_cv_header_stdint_h=yes
ac_cv_header_stdlib_h=yes
ac_cv_header_string_h=yes
ac_cv_header_strings_h=yes
ac_cv_header_sys_stat_h=yes
ac_cv_header_sys_types_h=yes
ac_cv_header_unistd_h=yes
ac_cv_host=x86_64-unknown-linux-gnu
ac_cv_lib_nsl_gethostbyname=yes
ac_cv_lib_socket_socket=no
ac_cv_objext=o
ac_cv_path_EGREP='/usr/bin/grep -E'
ac_cv_path_FGREP='/usr/bin/grep -F'
ac_cv_path_GREP=/usr/bin/grep
ac_cv_path_SED=/usr/bin/sed
ac_cv_path_install='/usr/bin/install -c'
ac_cv_path_mkdir=/usr/bin/mkdir
ac_cv_prog_AWK=mawk
ac_cv_prog_CPP='gcc -E'
ac_cv_prog_CXXCPP='g++ -E'
ac_cv_prog_ac_ct_AR=ar
ac_cv_prog_ac_ct_CC=gcc
ac_cv_prog_ac_ct_CXX=g++
ac_cv_prog_ac_ct_OBJDUMP=objdump
ac_cv_prog_ac_ct_RANLIB=ranlib
ac_cv_prog_ac_ct_STRIP=strip
ac_cv_prog_cc_c89=
ac_cv_prog_cc_g=yes
ac_cv_prog_cxx_g=yes
ac_cv_prog_make_make_set=yes
am_cv_CC_dependencies_compiler_type=gcc3
am_cv_CXX_dependencies_compiler_type=gcc3
lt_cv_deplibs_check_method=pass_all
lt_cv_file_magic_cmd='$MAGIC_CMD'
lt_cv_file_magic_test_file=
lt_cv_ld_reload_flag=-r
lt_cv_nm_interface='BSD nm'
lt_cv_objdir=.libs
lt_cv_path_LD=/usr/bin/ld
lt_cv_path_LDCXX='/usr/bin/ld -m elf_x86_64'
lt_cv_path_NM='/usr/bin/nm -B'
lt_cv_prog_compiler_c_o=yes
lt_cv_prog_compiler_c_o_CXX=yes
lt_cv_prog_compiler_pic_works=yes
lt_cv_prog_compiler_pic_works_CXX=yes
lt_cv_prog_compiler_rtti_exceptions=no
lt_cv_prog_compiler_static_works=yes
lt_cv_prog_compiler_static_works_CXX=yes
lt_cv_prog_gnu_ld=yes
lt_cv_prog_gnu_ldcxx=yes
lt_cv_sys_global_symbol_pipe='sed -n -e '\''s/^.*[	 ]\([ABCDGIRSTW][ABCDGIRSTW]*\)[	 ][	 ]*\([_A-Za-z][_A-Za-z0-9]*\)$/\1 \2 \2/p'\'''
lt_cv_sys_global_symbol_to_c_name_address='sed -n -e '\''s/^: \([^ ]*\) $/  {\"\1\", (void *) 0},/p'\'' -e '\''s/^[ABCDGIRSTW]* \([^ ]*\) \([^ ]*\)$/  {"\2", (void *) \&\2},/p'\'''
lt_cv_sys_global_symbol_to_c_name_address_lib_prefix='sed -n -e '\''s/^: \([^ ]*\) $/  {\"\1\", (void *) 0},/p'\'' -e '\''s/^[ABCDGIRSTW]* \([^ ]*\) \(lib[^ ]*\)$/  {"\2", (void *) \&\2},/p'\'' -e '\''s/^[ABCDGIRSTW]* \([^ ]*\) \([^ ]*\)$/  {"lib\2", (void *) \&\2},/p'\'''
lt_cv_sys_global_symbol_to_cdecl='sed -n -e '\''s/^T .* \(.*\)$/extern int \1();/p'\'' -e '\''s/^[ABCDGIRSTW]* .* \(.*\)$/extern char \1;/p'\'''
lt_cv_sys_max_cmd_len=1572864

## ----------------- ##
## Output variables. ##
## ----------------- ##

ACLOCAL='aclocal-1.11'
AMDEPBACKSLASH='\'
AMDEP_FALSE='#'
AMDEP_TRUE=''
AMTAR='tar'
AR='ar'
AUTOCONF='autoconf'
AUTOHEADER='autoheader'
AUTOMAKE='automake-1.11'
AWK='mawk'
CC='gcc'
CCDEPMODE='depmode=gcc3'
CFLAGS='-pthread  -Wall -Wno-unused -pedantic'
CPP='gcc -E'
CPPFLAGS=''
CXX='g++'
CXXCPP='g++ -E'
CXXDEPMODE='depmode=gcc3'
CXXFLAGS='-pthread  -Wall -Wno-unused -pedantic'
CYGPATH_W='echo'
DEFS='-DHAVE_CONFIG_H'
DEPDIR='.deps'
DOC_FALSE=''
DOC_TRUE='#'
DOT=''
DOXYGEN=''
DSYMUTIL=''
DUMPBIN=''
ECHO_C=''
ECHO_N='-n'
ECHO_T=''
EGREP='/usr/bin/grep -E'
EXEEXT=''
FGREP='/usr/bin/grep -F'
GREP='/usr/bin/grep'
INSTALL_DATA='${INSTALL} -m 644'
INSTALL_PROGRAM='${INSTALL}'
INSTALL_SCRIPT='${INSTALL}'
INSTALL_STRIP_PROGRAM='$(install_sh) -c -s'
LD='/usr/bin/ld -m elf_x86_64'
LDFLAGS=''
LIBOBJS=''
LIBS=' -lnsl '
LIBTOOL='$(SHELL) $(top_builddir)/libtool'
LIPO=''
LN_S='ln -s'
LOG4CPP_CONFIG='log4cpp-config'
LOG4CPP_CONFLICTS=''
LOG4CPP_PKGCONFIG='log4cpp-config'
LOG4CPP_REQUIRES=''
LOG4CPP_VERSION='1.1'
LTLIBOBJS=''
LT_VERSION='5:6:0'
MAKEINFO='makeinfo'
MKDIR_P='/usr/bin/mkdir -p'
NM='/usr/bin/nm -B'
NMEDIT=''
OBJDUMP='objdump'
OBJEXT='o'
OTOOL64=''
OTOOL=''
PACKAGE='log4cpp'
PACKAGE_BUGREPORT=''
PACKAGE_NAME='log4cpp'
PACKAGE_STRING='log4cpp 1.1'
PACKAGE_TARNAME='log4cpp'
PACKAGE_URL=''
PACKAGE_VERSION='1.1'
PATH_SEPARATOR=':'
PTHREAD_CC='gcc'
PTHREAD_CFLAGS='-pthread'
PTHREAD_LIBS=''
RANLIB='ranlib'
SED='/usr/bin/sed'
SET_MAKE=''
SHELL='/bin/bash'
STRIP='strip'
VERSION='1.1'
ac_ct_CC='gcc'
ac_ct_CXX='g++'
ac_ct_DUMPBIN=''
acx_pthread_config=''
am__EXEEXT_FALSE=''
am__EXEEXT_TRUE='#'
am__fastdepCC_FALSE='#'
am__fastdepCC_TRUE=''
am__fastdepCXX_FALSE='#'
am__fastdepCXX_TRUE=''
am__include='include'
am__isrc=''
am__leading_dot='.'
am__quote=''
am__tar='${AMTAR} chof - "$$tardir"'
am__untar='${AMTAR} xf -'
bindir='${exec_prefix}/bin'
build='x86_64-unknown-linux-gnu'
build_alias=''
build_cpu='x86_64'
build_os='linux-gnu'
build_vendor='unknown'
datadir='${datarootdir}'
datarootdir='${prefix}/share'
docdir='${datarootdir}/doc/${PACKAGE_TARNAME}'
dvidir='${docdir}'
enable_dot='no'
enable_html_docs='yes'
enable_latex_docs='no'
exec_prefix='${prefix}'
host='x86_64-unknown-linux-gnu'
host_alias=''
host_cpu='x86_64'
host_os='linux-gnu'
host_vendor='unknown'
htmldir='${docdir}'
includedir='${prefix}/include'
infodir='${datarootdir}/info'
install_sh='${SHELL} /home/dx/log4cpp/config/install-sh'
libdir='${exec_prefix}/lib'
libexecdir='${exec_prefix}/libexec'
localedir='${datarootdir}/locale'
localstatedir='${prefix}/var'
log4cpp_cflags='-pthread '
log4cpp_libs='-llog4cpp  -lnsl '
lt_ECHO='echo'
mandir='${datarootdir}/man'
mkdir_p='/usr/bin/mkdir -p'
oldincludedir='/usr/include'
pdfdir='${docdir}'
prefix='/usr/local'
program_transform_name='s,x,x,'
psdir='${docdir}'
sbindir='${exec_prefix}/sbin'
sharedstatedir='${prefix}/com'
sysconfdir='${prefix}/etc'
target=''
target_alias=''

## ----------- ##
## confdefs.h. ##
## ----------- ##

/* confdefs.h */
#define PACKAGE_NAME "log4cpp"
#define PACKAGE_TARNAME "log4cpp"
#define PACKAGE_VERSION "1.1"
#define PACKAGE_STRING "log4cpp 1.1"
#define PACKAGE_BUGREPORT ""
#define PACKAGE_URL ""
#define PACKAGE "log4cpp"
#define VERSION "1.1"
#define STDC_HEADERS 1
#define HAVE_SYS_TYPES_H 1
#define HAVE_SYS_STAT_H 1
#define HAVE_STDLIB_H 1
#define HAVE_STRING_H 1
#define HAVE_MEMORY_H 1
#define HAVE_STRINGS_H 1
#define HAVE_INTTYPES_H 1
#define HAVE_STDINT_H 1
#define HAVE_UNISTD_H 1
#define HAVE_DLFCN_H 1
#define LT_OBJDIR ".libs/"
#define HAVE_UNISTD_H 1
#define HAVE_INT64_T /**/
#define HAVE_STDINT_H /**/
#define HAVE_SNPRINTF /**/
#define HAVE_SYSLOG 1
#define HAVE_GETTIMEOFDAY 1
#define HAVE_FTIME 1
#define HAVE_LOCALTIME_R 1
#define HAVE_PTHREAD 1
#define HAVE_THREADING 1
#define USE_PTHREADS 1
#define HAVE_NAMESPACES /**/
#define HAVE_SSTREAM /**/

configure: exit 0
